<?xml version="1.0" encoding="UTF-8"?>
<!-- Generated by org.testng.reporters.JUnitXMLReporter -->
<testsuite ignored="3" hostname="LAPTOP-BJBPRPLI" failures="1" tests="3" name="Test" time="48.523" errors="0" timestamp="2024-03-21T09:45:11 IST">
  <testcase classname="com.loscazadores.testcases.IndexPageTest" name="verifyLogo" time="0.08"/>
  <testcase classname="com.loscazadores.testcases.IndexPageTest" name="verifyTitle" time="0.007"/>
  <testcase classname="com.loscazadores.testcases.LoginPageTest" name="loginTest" time="22.251">
    <failure type="java.lang.AssertionError" message="expected [true] but found [false]">
      <![CDATA[java.lang.AssertionError: expected [true] but found [false]
at com.loscazadores.testcases.LoginPageTest.loginTest(LoginPageTest.java:35)
at java.base/java.util.ArrayList.forEach(ArrayList.java:1511)
... Removed 31 stack frames]]>
    </failure>
  </testcase> <!-- loginTest -->
  <testcase classname="com.loscazadores.base.BaseClass" name="@BeforeTest loadConfig" time="0.0">
    <ignored/>
  </testcase> <!-- @BeforeTest loadConfig -->
  <testcase classname="com.loscazadores.base.BaseClass" name="@AfterSuite afterSuite" time="0.0">
    <ignored/>
  </testcase> <!-- @AfterSuite afterSuite -->
  <testcase classname="com.loscazadores.base.BaseClass" name="@BeforeSuite beforeSuite" time="0.0">
    <ignored/>
  </testcase> <!-- @BeforeSuite beforeSuite -->
</testsuite> <!-- Test -->
